{"D:\\Projects\\profile-weather-view\\src\\index.ts": {"path":"D:\\Projects\\profile-weather-view\\src\\index.ts","all":false,"statementMap":{"0":{"start":{"line":1,"column":0},"end":{"line":1,"column":55}},"1":{"start":{"line":2,"column":0},"end":{"line":2,"column":59}},"3":{"start":{"line":4,"column":0},"end":{"line":4,"column":20}},"4":{"start":{"line":5,"column":0},"end":{"line":5,"column":7}},"5":{"start":{"line":6,"column":0},"end":{"line":6,"column":49}},"6":{"start":{"line":7,"column":0},"end":{"line":7,"column":30}},"7":{"start":{"line":8,"column":0},"end":{"line":8,"column":19}},"8":{"start":{"line":9,"column":0},"end":{"line":9,"column":61}},"9":{"start":{"line":10,"column":0},"end":{"line":10,"column":3}},"10":{"start":{"line":11,"column":0},"end":{"line":11,"column":5}}},"s":{"0":1,"1":1,"3":1,"4":3,"5":3,"6":2,"7":2,"8":2,"9":2,"10":1},"branchMap":{"0":{"type":"branch","line":4,"loc":{"start":{"line":4,"column":7},"end":{"line":11,"column":3}},"locations":[{"start":{"line":4,"column":7},"end":{"line":11,"column":3}}]},"1":{"type":"branch","line":6,"loc":{"start":{"line":6,"column":47},"end":{"line":10,"column":3}},"locations":[{"start":{"line":6,"column":47},"end":{"line":10,"column":3}}]}},"b":{"0":[3],"1":[2]},"fnMap":{},"f":{}}
,"D:\\Projects\\profile-weather-view\\src\\services\\fetchWeather.ts": {"path":"D:\\Projects\\profile-weather-view\\src\\services\\fetchWeather.ts","all":false,"statementMap":{"0":{"start":{"line":1,"column":0},"end":{"line":1,"column":24}},"1":{"start":{"line":2,"column":0},"end":{"line":2,"column":28}},"2":{"start":{"line":3,"column":0},"end":{"line":3,"column":49}},"5":{"start":{"line":6,"column":0},"end":{"line":6,"column":16}},"11":{"start":{"line":12,"column":0},"end":{"line":12,"column":52}},"12":{"start":{"line":13,"column":0},"end":{"line":13,"column":53}},"17":{"start":{"line":18,"column":0},"end":{"line":18,"column":32}},"18":{"start":{"line":19,"column":0},"end":{"line":19,"column":21}},"19":{"start":{"line":20,"column":0},"end":{"line":20,"column":25}},"20":{"start":{"line":21,"column":0},"end":{"line":21,"column":24}},"21":{"start":{"line":22,"column":0},"end":{"line":22,"column":23}},"22":{"start":{"line":23,"column":0},"end":{"line":23,"column":21}},"23":{"start":{"line":24,"column":0},"end":{"line":24,"column":14}},"24":{"start":{"line":25,"column":0},"end":{"line":25,"column":13}},"25":{"start":{"line":26,"column":0},"end":{"line":26,"column":18}},"26":{"start":{"line":27,"column":0},"end":{"line":27,"column":38}},"27":{"start":{"line":28,"column":0},"end":{"line":28,"column":38}},"28":{"start":{"line":29,"column":0},"end":{"line":29,"column":11}},"29":{"start":{"line":30,"column":0},"end":{"line":30,"column":7}},"30":{"start":{"line":31,"column":0},"end":{"line":31,"column":18}},"31":{"start":{"line":32,"column":0},"end":{"line":32,"column":5}},"32":{"start":{"line":33,"column":0},"end":{"line":33,"column":3}},"41":{"start":{"line":42,"column":0},"end":{"line":42,"column":64}},"42":{"start":{"line":43,"column":0},"end":{"line":43,"column":54}},"43":{"start":{"line":44,"column":0},"end":{"line":44,"column":37}},"44":{"start":{"line":45,"column":0},"end":{"line":45,"column":18}},"45":{"start":{"line":46,"column":0},"end":{"line":46,"column":15}},"46":{"start":{"line":47,"column":0},"end":{"line":47,"column":52}},"47":{"start":{"line":48,"column":0},"end":{"line":48,"column":1}},"54":{"start":{"line":55,"column":0},"end":{"line":55,"column":59}},"56":{"start":{"line":57,"column":0},"end":{"line":57,"column":55}},"59":{"start":{"line":60,"column":0},"end":{"line":60,"column":17}},"60":{"start":{"line":61,"column":0},"end":{"line":61,"column":79}},"61":{"start":{"line":62,"column":0},"end":{"line":62,"column":38}},"62":{"start":{"line":63,"column":0},"end":{"line":63,"column":3}},"64":{"start":{"line":65,"column":0},"end":{"line":65,"column":153}},"66":{"start":{"line":67,"column":0},"end":{"line":67,"column":67}},"68":{"start":{"line":69,"column":0},"end":{"line":69,"column":7}},"69":{"start":{"line":70,"column":0},"end":{"line":70,"column":38}},"72":{"start":{"line":73,"column":0},"end":{"line":73,"column":23}},"73":{"start":{"line":74,"column":0},"end":{"line":74,"column":22}},"74":{"start":{"line":75,"column":0},"end":{"line":75,"column":66}},"75":{"start":{"line":76,"column":0},"end":{"line":76,"column":8}},"76":{"start":{"line":77,"column":0},"end":{"line":77,"column":5}},"78":{"start":{"line":79,"column":0},"end":{"line":79,"column":51}},"81":{"start":{"line":82,"column":0},"end":{"line":82,"column":59}},"83":{"start":{"line":84,"column":0},"end":{"line":84,"column":70}},"86":{"start":{"line":87,"column":0},"end":{"line":87,"column":48}},"87":{"start":{"line":88,"column":0},"end":{"line":88,"column":52}},"88":{"start":{"line":89,"column":0},"end":{"line":89,"column":50}},"89":{"start":{"line":90,"column":0},"end":{"line":90,"column":60}},"90":{"start":{"line":91,"column":0},"end":{"line":91,"column":77}},"92":{"start":{"line":93,"column":0},"end":{"line":93,"column":53}},"93":{"start":{"line":94,"column":0},"end":{"line":94,"column":51}},"94":{"start":{"line":95,"column":0},"end":{"line":95,"column":17}},"95":{"start":{"line":96,"column":0},"end":{"line":96,"column":69}},"96":{"start":{"line":97,"column":0},"end":{"line":97,"column":6}},"97":{"start":{"line":98,"column":0},"end":{"line":98,"column":79}},"99":{"start":{"line":100,"column":0},"end":{"line":100,"column":110}},"100":{"start":{"line":101,"column":0},"end":{"line":101,"column":19}},"102":{"start":{"line":103,"column":0},"end":{"line":103,"column":27}},"103":{"start":{"line":104,"column":0},"end":{"line":104,"column":64}},"105":{"start":{"line":106,"column":0},"end":{"line":106,"column":48}},"106":{"start":{"line":107,"column":0},"end":{"line":107,"column":78}},"107":{"start":{"line":108,"column":0},"end":{"line":108,"column":12}},"108":{"start":{"line":109,"column":0},"end":{"line":109,"column":20}},"109":{"start":{"line":110,"column":0},"end":{"line":110,"column":42}},"110":{"start":{"line":111,"column":0},"end":{"line":111,"column":32}},"111":{"start":{"line":112,"column":0},"end":{"line":112,"column":8}},"112":{"start":{"line":113,"column":0},"end":{"line":113,"column":5}},"113":{"start":{"line":114,"column":0},"end":{"line":114,"column":76}},"114":{"start":{"line":115,"column":0},"end":{"line":115,"column":3}},"115":{"start":{"line":116,"column":0},"end":{"line":116,"column":1}}},"s":{"0":1,"1":1,"2":1,"5":1,"11":1,"12":1,"17":1,"18":1,"19":1,"20":1,"21":1,"22":1,"23":1,"24":1,"25":1,"26":1,"27":1,"28":1,"29":1,"30":1,"31":1,"32":1,"41":1,"42":19,"43":19,"44":19,"45":19,"46":19,"47":19,"54":18,"56":18,"59":18,"60":1,"61":1,"62":1,"64":17,"66":17,"68":17,"69":17,"72":18,"73":1,"74":1,"75":1,"76":1,"78":7,"81":6,"83":6,"86":6,"87":6,"88":6,"89":18,"90":18,"92":18,"93":18,"94":18,"95":18,"96":18,"97":18,"99":18,"100":18,"102":14,"103":14,"105":14,"106":3,"107":14,"108":11,"109":11,"110":11,"111":11,"112":11,"113":14,"114":14,"115":18},"branchMap":{"0":{"type":"branch","line":42,"loc":{"start":{"line":42,"column":7},"end":{"line":48,"column":1}},"locations":[{"start":{"line":42,"column":7},"end":{"line":48,"column":1}}]},"1":{"type":"branch","line":55,"loc":{"start":{"line":55,"column":0},"end":{"line":116,"column":1}},"locations":[{"start":{"line":55,"column":0},"end":{"line":116,"column":1}}]},"2":{"type":"branch","line":57,"loc":{"start":{"line":57,"column":30},"end":{"line":57,"column":53}},"locations":[{"start":{"line":57,"column":30},"end":{"line":57,"column":53}}]},"3":{"type":"branch","line":60,"loc":{"start":{"line":60,"column":16},"end":{"line":63,"column":3}},"locations":[{"start":{"line":60,"column":16},"end":{"line":63,"column":3}}]},"4":{"type":"branch","line":63,"loc":{"start":{"line":63,"column":2},"end":{"line":70,"column":38}},"locations":[{"start":{"line":63,"column":2},"end":{"line":70,"column":38}}]},"5":{"type":"branch","line":70,"loc":{"start":{"line":70,"column":36},"end":{"line":73,"column":22}},"locations":[{"start":{"line":70,"column":36},"end":{"line":73,"column":22}}]},"6":{"type":"branch","line":73,"loc":{"start":{"line":73,"column":22},"end":{"line":77,"column":5}},"locations":[{"start":{"line":73,"column":22},"end":{"line":77,"column":5}}]},"7":{"type":"branch","line":77,"loc":{"start":{"line":77,"column":4},"end":{"line":79,"column":51}},"locations":[{"start":{"line":77,"column":4},"end":{"line":79,"column":51}}]},"8":{"type":"branch","line":79,"loc":{"start":{"line":79,"column":49},"end":{"line":90,"column":50}},"locations":[{"start":{"line":79,"column":49},"end":{"line":90,"column":50}}]},"9":{"type":"branch","line":90,"loc":{"start":{"line":90,"column":42},"end":{"line":90,"column":60}},"locations":[{"start":{"line":90,"column":42},"end":{"line":90,"column":60}}]},"10":{"type":"branch","line":91,"loc":{"start":{"line":91,"column":32},"end":{"line":91,"column":77}},"locations":[{"start":{"line":91,"column":32},"end":{"line":91,"column":77}}]},"11":{"type":"branch","line":101,"loc":{"start":{"line":101,"column":2},"end":{"line":115,"column":3}},"locations":[{"start":{"line":101,"column":2},"end":{"line":115,"column":3}}]},"12":{"type":"branch","line":104,"loc":{"start":{"line":104,"column":23},"end":{"line":104,"column":39}},"locations":[{"start":{"line":104,"column":23},"end":{"line":104,"column":39}}]},"13":{"type":"branch","line":104,"loc":{"start":{"line":104,"column":31},"end":{"line":104,"column":64}},"locations":[{"start":{"line":104,"column":31},"end":{"line":104,"column":64}}]},"14":{"type":"branch","line":106,"loc":{"start":{"line":106,"column":47},"end":{"line":108,"column":11}},"locations":[{"start":{"line":106,"column":47},"end":{"line":108,"column":11}}]},"15":{"type":"branch","line":108,"loc":{"start":{"line":108,"column":4},"end":{"line":113,"column":5}},"locations":[{"start":{"line":108,"column":4},"end":{"line":113,"column":5}}]}},"b":{"0":[19],"1":[18],"2":[17],"3":[1],"4":[17],"5":[8],"6":[1],"7":[7],"8":[6],"9":[2],"10":[2],"11":[14],"12":[13],"13":[1],"14":[3],"15":[11]},"fnMap":{"0":{"name":"convertToDhakaTime","decl":{"start":{"line":42,"column":7},"end":{"line":48,"column":1}},"loc":{"start":{"line":42,"column":7},"end":{"line":48,"column":1}},"line":42},"1":{"name":"fetchWeatherData","decl":{"start":{"line":55,"column":0},"end":{"line":116,"column":1}},"loc":{"start":{"line":55,"column":0},"end":{"line":116,"column":1}},"line":55}},"f":{"0":19,"1":18}}
,"D:\\Projects\\profile-weather-view\\src\\services\\updateReadme.ts": {"path":"D:\\Projects\\profile-weather-view\\src\\services\\updateReadme.ts","all":false,"statementMap":{"0":{"start":{"line":1,"column":0},"end":{"line":1,"column":25}},"1":{"start":{"line":2,"column":0},"end":{"line":2,"column":29}},"7":{"start":{"line":8,"column":0},"end":{"line":8,"column":57}},"8":{"start":{"line":9,"column":0},"end":{"line":9,"column":62}},"10":{"start":{"line":11,"column":0},"end":{"line":11,"column":28}},"11":{"start":{"line":12,"column":0},"end":{"line":12,"column":7}},"12":{"start":{"line":13,"column":0},"end":{"line":13,"column":56}},"13":{"start":{"line":14,"column":0},"end":{"line":14,"column":19}},"14":{"start":{"line":15,"column":0},"end":{"line":15,"column":57}},"16":{"start":{"line":17,"column":0},"end":{"line":17,"column":11}},"17":{"start":{"line":18,"column":0},"end":{"line":18,"column":3}},"19":{"start":{"line":20,"column":0},"end":{"line":20,"column":69}},"20":{"start":{"line":21,"column":0},"end":{"line":21,"column":27}},"23":{"start":{"line":24,"column":0},"end":{"line":24,"column":33}},"24":{"start":{"line":25,"column":0},"end":{"line":25,"column":61}},"25":{"start":{"line":26,"column":0},"end":{"line":26,"column":19}},"26":{"start":{"line":27,"column":0},"end":{"line":27,"column":20}},"27":{"start":{"line":28,"column":0},"end":{"line":28,"column":18}},"28":{"start":{"line":29,"column":0},"end":{"line":29,"column":22}},"29":{"start":{"line":30,"column":0},"end":{"line":30,"column":18}},"30":{"start":{"line":31,"column":0},"end":{"line":31,"column":22}},"31":{"start":{"line":32,"column":0},"end":{"line":32,"column":20}},"32":{"start":{"line":33,"column":0},"end":{"line":33,"column":20}},"33":{"start":{"line":34,"column":0},"end":{"line":34,"column":5}},"35":{"start":{"line":36,"column":0},"end":{"line":36,"column":51}},"38":{"start":{"line":39,"column":0},"end":{"line":39,"column":60}},"39":{"start":{"line":40,"column":0},"end":{"line":40,"column":115}},"40":{"start":{"line":41,"column":0},"end":{"line":41,"column":42}},"41":{"start":{"line":42,"column":0},"end":{"line":42,"column":36}},"42":{"start":{"line":43,"column":0},"end":{"line":43,"column":35}},"43":{"start":{"line":44,"column":0},"end":{"line":44,"column":38}},"49":{"start":{"line":50,"column":0},"end":{"line":50,"column":47}},"55":{"start":{"line":56,"column":0},"end":{"line":56,"column":40}},"56":{"start":{"line":57,"column":0},"end":{"line":57,"column":82}},"57":{"start":{"line":58,"column":0},"end":{"line":58,"column":23}},"58":{"start":{"line":59,"column":0},"end":{"line":59,"column":4}},"60":{"start":{"line":61,"column":0},"end":{"line":61,"column":7}},"61":{"start":{"line":62,"column":0},"end":{"line":62,"column":48}},"62":{"start":{"line":63,"column":0},"end":{"line":63,"column":51}},"63":{"start":{"line":64,"column":0},"end":{"line":64,"column":19}},"64":{"start":{"line":65,"column":0},"end":{"line":65,"column":60}},"65":{"start":{"line":66,"column":0},"end":{"line":66,"column":3}},"66":{"start":{"line":67,"column":0},"end":{"line":67,"column":1}}},"s":{"0":1,"1":1,"7":1,"8":5,"10":5,"11":5,"12":5,"13":5,"14":1,"16":1,"17":1,"19":4,"20":4,"23":4,"24":4,"25":4,"26":4,"27":4,"28":4,"29":4,"30":4,"31":4,"32":4,"33":4,"35":4,"38":4,"39":4,"40":4,"41":4,"42":4,"43":4,"49":4,"55":4,"56":4,"57":4,"58":4,"60":4,"61":4,"62":4,"63":5,"64":1,"65":1,"66":5},"branchMap":{"0":{"type":"branch","line":8,"loc":{"start":{"line":8,"column":7},"end":{"line":67,"column":1}},"locations":[{"start":{"line":8,"column":7},"end":{"line":67,"column":1}}]},"1":{"type":"branch","line":14,"loc":{"start":{"line":14,"column":2},"end":{"line":18,"column":3}},"locations":[{"start":{"line":14,"column":2},"end":{"line":18,"column":3}}]},"2":{"type":"branch","line":18,"loc":{"start":{"line":18,"column":2},"end":{"line":64,"column":11}},"locations":[{"start":{"line":18,"column":2},"end":{"line":64,"column":11}}]},"3":{"type":"branch","line":64,"loc":{"start":{"line":64,"column":2},"end":{"line":66,"column":3}},"locations":[{"start":{"line":64,"column":2},"end":{"line":66,"column":3}}]}},"b":{"0":[5],"1":[1],"2":[4],"3":[1]},"fnMap":{"0":{"name":"updateReadme","decl":{"start":{"line":8,"column":7},"end":{"line":67,"column":1}},"loc":{"start":{"line":8,"column":7},"end":{"line":67,"column":1}},"line":8}},"f":{"0":5}}
,"D:\\Projects\\profile-weather-view\\src\\utils\\preload.ts": {"path":"D:\\Projects\\profile-weather-view\\src\\utils\\preload.ts","all":false,"statementMap":{"0":{"start":{"line":1,"column":0},"end":{"line":1,"column":28}},"1":{"start":{"line":2,"column":0},"end":{"line":2,"column":29}},"3":{"start":{"line":4,"column":0},"end":{"line":4,"column":60}},"4":{"start":{"line":5,"column":0},"end":{"line":5,"column":41}},"10":{"start":{"line":11,"column":0},"end":{"line":11,"column":52}},"11":{"start":{"line":12,"column":0},"end":{"line":12,"column":6}},"12":{"start":{"line":13,"column":0},"end":{"line":13,"column":36}},"13":{"start":{"line":14,"column":0},"end":{"line":14,"column":46}},"14":{"start":{"line":15,"column":0},"end":{"line":15,"column":5}},"15":{"start":{"line":16,"column":0},"end":{"line":16,"column":18}},"16":{"start":{"line":17,"column":0},"end":{"line":17,"column":79}},"17":{"start":{"line":18,"column":0},"end":{"line":18,"column":6}},"18":{"start":{"line":19,"column":0},"end":{"line":19,"column":20}},"19":{"start":{"line":20,"column":0},"end":{"line":20,"column":79}},"20":{"start":{"line":21,"column":0},"end":{"line":21,"column":6}},"21":{"start":{"line":22,"column":0},"end":{"line":22,"column":3}},"23":{"start":{"line":24,"column":0},"end":{"line":24,"column":75}},"24":{"start":{"line":25,"column":0},"end":{"line":25,"column":1}},"27":{"start":{"line":28,"column":0},"end":{"line":28,"column":29}}},"s":{"0":1,"1":1,"3":1,"4":1,"10":1,"11":6,"12":6,"13":4,"14":6,"15":3,"16":3,"17":3,"18":3,"19":3,"20":3,"21":3,"23":3,"24":3,"27":1},"branchMap":{"0":{"type":"branch","line":11,"loc":{"start":{"line":11,"column":7},"end":{"line":25,"column":1}},"locations":[{"start":{"line":11,"column":7},"end":{"line":25,"column":1}}]},"1":{"type":"branch","line":13,"loc":{"start":{"line":13,"column":17},"end":{"line":14,"column":46}},"locations":[{"start":{"line":13,"column":17},"end":{"line":14,"column":46}}]},"2":{"type":"branch","line":15,"loc":{"start":{"line":15,"column":4},"end":{"line":25,"column":1}},"locations":[{"start":{"line":15,"column":4},"end":{"line":25,"column":1}}]}},"b":{"0":[6],"1":[4],"2":[3]},"fnMap":{"0":{"name":"ensureEnvironmentVariables","decl":{"start":{"line":11,"column":7},"end":{"line":25,"column":1}},"loc":{"start":{"line":11,"column":7},"end":{"line":25,"column":1}},"line":11}},"f":{"0":6}}
}
