{"D:\\Projects\\profile-weather-view\\src\\weather-update\\index.ts": {"path":"D:\\Projects\\profile-weather-view\\src\\weather-update\\index.ts","all":false,"statementMap":{"0":{"start":{"line":1,"column":0},"end":{"line":1,"column":70}},"1":{"start":{"line":2,"column":0},"end":{"line":2,"column":74}},"2":{"start":{"line":3,"column":0},"end":{"line":3,"column":76}},"7":{"start":{"line":8,"column":0},"end":{"line":8,"column":45}},"8":{"start":{"line":9,"column":0},"end":{"line":9,"column":7}},"10":{"start":{"line":11,"column":0},"end":{"line":11,"column":33}},"12":{"start":{"line":13,"column":0},"end":{"line":13,"column":58}},"15":{"start":{"line":16,"column":0},"end":{"line":16,"column":49}},"16":{"start":{"line":17,"column":0},"end":{"line":17,"column":70}},"19":{"start":{"line":20,"column":0},"end":{"line":20,"column":58}},"20":{"start":{"line":21,"column":0},"end":{"line":21,"column":24}},"21":{"start":{"line":22,"column":0},"end":{"line":22,"column":75}},"22":{"start":{"line":23,"column":0},"end":{"line":23,"column":12}},"23":{"start":{"line":24,"column":0},"end":{"line":24,"column":61}},"24":{"start":{"line":25,"column":0},"end":{"line":25,"column":5}},"26":{"start":{"line":27,"column":0},"end":{"line":27,"column":70}},"27":{"start":{"line":28,"column":0},"end":{"line":28,"column":28}},"28":{"start":{"line":29,"column":0},"end":{"line":29,"column":33}},"30":{"start":{"line":31,"column":0},"end":{"line":31,"column":55}},"31":{"start":{"line":32,"column":0},"end":{"line":32,"column":75}},"32":{"start":{"line":33,"column":0},"end":{"line":33,"column":58}},"33":{"start":{"line":34,"column":0},"end":{"line":34,"column":70}},"34":{"start":{"line":35,"column":0},"end":{"line":35,"column":74}},"35":{"start":{"line":36,"column":0},"end":{"line":36,"column":22}},"36":{"start":{"line":37,"column":0},"end":{"line":37,"column":60}},"37":{"start":{"line":38,"column":0},"end":{"line":38,"column":24}},"38":{"start":{"line":39,"column":0},"end":{"line":39,"column":10}},"39":{"start":{"line":40,"column":0},"end":{"line":40,"column":14}},"41":{"start":{"line":42,"column":0},"end":{"line":42,"column":76}},"42":{"start":{"line":43,"column":0},"end":{"line":43,"column":7}},"43":{"start":{"line":44,"column":0},"end":{"line":44,"column":12}},"45":{"start":{"line":46,"column":0},"end":{"line":46,"column":66}},"46":{"start":{"line":47,"column":0},"end":{"line":47,"column":5}},"47":{"start":{"line":48,"column":0},"end":{"line":48,"column":65}},"48":{"start":{"line":49,"column":0},"end":{"line":49,"column":3}},"49":{"start":{"line":50,"column":0},"end":{"line":50,"column":1}},"52":{"start":{"line":53,"column":0},"end":{"line":53,"column":12}}},"s":{"0":1,"1":1,"2":1,"7":8,"8":8,"10":8,"12":8,"15":8,"16":4,"19":4,"20":8,"21":1,"22":8,"23":2,"24":2,"26":3,"27":8,"28":5,"30":4,"31":1,"32":4,"33":1,"34":3,"35":1,"36":1,"37":1,"38":1,"39":1,"41":1,"42":1,"43":5,"45":1,"46":1,"47":5,"48":5,"49":8,"52":1},"branchMap":{"0":{"type":"branch","line":8,"loc":{"start":{"line":8,"column":0},"end":{"line":50,"column":1}},"locations":[{"start":{"line":8,"column":0},"end":{"line":50,"column":1}}]},"1":{"type":"branch","line":16,"loc":{"start":{"line":16,"column":47},"end":{"line":20,"column":58}},"locations":[{"start":{"line":16,"column":47},"end":{"line":20,"column":58}}]},"2":{"type":"branch","line":20,"loc":{"start":{"line":20,"column":56},"end":{"line":21,"column":23}},"locations":[{"start":{"line":20,"column":56},"end":{"line":21,"column":23}}]},"3":{"type":"branch","line":21,"loc":{"start":{"line":21,"column":23},"end":{"line":23,"column":11}},"locations":[{"start":{"line":21,"column":23},"end":{"line":23,"column":11}}]},"4":{"type":"branch","line":23,"loc":{"start":{"line":23,"column":4},"end":{"line":25,"column":5}},"locations":[{"start":{"line":23,"column":4},"end":{"line":25,"column":5}}]},"5":{"type":"branch","line":25,"loc":{"start":{"line":25,"column":4},"end":{"line":28,"column":11}},"locations":[{"start":{"line":25,"column":4},"end":{"line":28,"column":11}}]},"6":{"type":"branch","line":28,"loc":{"start":{"line":28,"column":2},"end":{"line":49,"column":3}},"locations":[{"start":{"line":28,"column":2},"end":{"line":49,"column":3}}]},"7":{"type":"branch","line":29,"loc":{"start":{"line":29,"column":32},"end":{"line":44,"column":11}},"locations":[{"start":{"line":29,"column":32},"end":{"line":44,"column":11}}]},"8":{"type":"branch","line":31,"loc":{"start":{"line":31,"column":54},"end":{"line":33,"column":17}},"locations":[{"start":{"line":31,"column":54},"end":{"line":33,"column":17}}]},"9":{"type":"branch","line":33,"loc":{"start":{"line":33,"column":6},"end":{"line":43,"column":7}},"locations":[{"start":{"line":33,"column":6},"end":{"line":43,"column":7}}]},"10":{"type":"branch","line":33,"loc":{"start":{"line":33,"column":57},"end":{"line":35,"column":17}},"locations":[{"start":{"line":33,"column":57},"end":{"line":35,"column":17}}]},"11":{"type":"branch","line":35,"loc":{"start":{"line":35,"column":6},"end":{"line":43,"column":7}},"locations":[{"start":{"line":35,"column":6},"end":{"line":43,"column":7}}]},"12":{"type":"branch","line":35,"loc":{"start":{"line":35,"column":73},"end":{"line":43,"column":7}},"locations":[{"start":{"line":35,"column":73},"end":{"line":43,"column":7}}]},"13":{"type":"branch","line":44,"loc":{"start":{"line":44,"column":4},"end":{"line":47,"column":5}},"locations":[{"start":{"line":44,"column":4},"end":{"line":47,"column":5}}]}},"b":{"0":[8],"1":[4],"2":[3],"3":[1],"4":[2],"5":[3],"6":[5],"7":[4],"8":[1],"9":[3],"10":[1],"11":[2],"12":[1],"13":[1]},"fnMap":{"0":{"name":"main","decl":{"start":{"line":8,"column":0},"end":{"line":50,"column":1}},"loc":{"start":{"line":8,"column":0},"end":{"line":50,"column":1}},"line":8}},"f":{"0":8}}
,"D:\\Projects\\profile-weather-view\\src\\weather-update\\services\\fetchWeather.ts": {"path":"D:\\Projects\\profile-weather-view\\src\\weather-update\\services\\fetchWeather.ts","all":false,"statementMap":{"0":{"start":{"line":1,"column":0},"end":{"line":1,"column":24}},"1":{"start":{"line":2,"column":0},"end":{"line":2,"column":49}},"7":{"start":{"line":8,"column":0},"end":{"line":8,"column":22}},"8":{"start":{"line":9,"column":0},"end":{"line":9,"column":22}},"13":{"start":{"line":14,"column":0},"end":{"line":14,"column":32}},"14":{"start":{"line":15,"column":0},"end":{"line":15,"column":21}},"15":{"start":{"line":16,"column":0},"end":{"line":16,"column":25}},"16":{"start":{"line":17,"column":0},"end":{"line":17,"column":24}},"17":{"start":{"line":18,"column":0},"end":{"line":18,"column":23}},"18":{"start":{"line":19,"column":0},"end":{"line":19,"column":21}},"19":{"start":{"line":20,"column":0},"end":{"line":20,"column":14}},"20":{"start":{"line":21,"column":0},"end":{"line":21,"column":13}},"21":{"start":{"line":22,"column":0},"end":{"line":22,"column":18}},"22":{"start":{"line":23,"column":0},"end":{"line":23,"column":38}},"23":{"start":{"line":24,"column":0},"end":{"line":24,"column":38}},"24":{"start":{"line":25,"column":0},"end":{"line":25,"column":11}},"25":{"start":{"line":26,"column":0},"end":{"line":26,"column":7}},"26":{"start":{"line":27,"column":0},"end":{"line":27,"column":18}},"27":{"start":{"line":28,"column":0},"end":{"line":28,"column":5}},"28":{"start":{"line":29,"column":0},"end":{"line":29,"column":3}},"35":{"start":{"line":36,"column":0},"end":{"line":36,"column":64}},"36":{"start":{"line":37,"column":0},"end":{"line":37,"column":54}},"37":{"start":{"line":38,"column":0},"end":{"line":38,"column":37}},"38":{"start":{"line":39,"column":0},"end":{"line":39,"column":18}},"39":{"start":{"line":40,"column":0},"end":{"line":40,"column":15}},"40":{"start":{"line":41,"column":0},"end":{"line":41,"column":45}},"41":{"start":{"line":42,"column":0},"end":{"line":42,"column":1}},"46":{"start":{"line":47,"column":0},"end":{"line":47,"column":59}},"47":{"start":{"line":48,"column":0},"end":{"line":48,"column":51}},"49":{"start":{"line":50,"column":0},"end":{"line":50,"column":17}},"50":{"start":{"line":51,"column":0},"end":{"line":51,"column":79}},"51":{"start":{"line":52,"column":0},"end":{"line":52,"column":20}},"52":{"start":{"line":53,"column":0},"end":{"line":53,"column":66}},"53":{"start":{"line":54,"column":0},"end":{"line":54,"column":6}},"54":{"start":{"line":55,"column":0},"end":{"line":55,"column":3}},"56":{"start":{"line":57,"column":0},"end":{"line":57,"column":153}},"58":{"start":{"line":59,"column":0},"end":{"line":59,"column":67}},"60":{"start":{"line":61,"column":0},"end":{"line":61,"column":7}},"61":{"start":{"line":62,"column":0},"end":{"line":62,"column":48}},"63":{"start":{"line":64,"column":0},"end":{"line":64,"column":23}},"64":{"start":{"line":65,"column":0},"end":{"line":65,"column":22}},"65":{"start":{"line":66,"column":0},"end":{"line":66,"column":66}},"66":{"start":{"line":67,"column":0},"end":{"line":67,"column":8}},"67":{"start":{"line":68,"column":0},"end":{"line":68,"column":5}},"69":{"start":{"line":70,"column":0},"end":{"line":70,"column":51}},"70":{"start":{"line":71,"column":0},"end":{"line":71,"column":59}},"72":{"start":{"line":73,"column":0},"end":{"line":73,"column":70}},"74":{"start":{"line":75,"column":0},"end":{"line":75,"column":48}},"75":{"start":{"line":76,"column":0},"end":{"line":76,"column":52}},"76":{"start":{"line":77,"column":0},"end":{"line":77,"column":50}},"77":{"start":{"line":78,"column":0},"end":{"line":78,"column":60}},"78":{"start":{"line":79,"column":0},"end":{"line":79,"column":46}},"80":{"start":{"line":81,"column":0},"end":{"line":81,"column":110}},"81":{"start":{"line":82,"column":0},"end":{"line":82,"column":19}},"82":{"start":{"line":83,"column":0},"end":{"line":83,"column":57}},"83":{"start":{"line":84,"column":0},"end":{"line":84,"column":76}},"84":{"start":{"line":85,"column":0},"end":{"line":85,"column":3}},"85":{"start":{"line":86,"column":0},"end":{"line":86,"column":1}}},"s":{"0":1,"1":1,"7":1,"8":1,"13":1,"14":1,"15":1,"16":1,"17":1,"18":1,"19":1,"20":1,"21":1,"22":1,"23":1,"24":1,"25":1,"26":1,"27":1,"28":1,"35":1,"36":13,"37":13,"38":13,"39":13,"40":13,"41":13,"46":11,"47":11,"49":11,"50":1,"51":1,"52":1,"53":1,"54":1,"56":10,"58":10,"60":10,"61":10,"63":11,"64":1,"65":1,"66":1,"67":1,"69":6,"70":5,"72":5,"74":5,"75":5,"76":5,"77":11,"78":11,"80":11,"81":11,"82":7,"83":7,"84":7,"85":11},"branchMap":{"0":{"type":"branch","line":36,"loc":{"start":{"line":36,"column":7},"end":{"line":42,"column":1}},"locations":[{"start":{"line":36,"column":7},"end":{"line":42,"column":1}}]},"1":{"type":"branch","line":47,"loc":{"start":{"line":47,"column":0},"end":{"line":86,"column":1}},"locations":[{"start":{"line":47,"column":0},"end":{"line":86,"column":1}}]},"2":{"type":"branch","line":48,"loc":{"start":{"line":48,"column":26},"end":{"line":48,"column":49}},"locations":[{"start":{"line":48,"column":26},"end":{"line":48,"column":49}}]},"3":{"type":"branch","line":50,"loc":{"start":{"line":50,"column":16},"end":{"line":55,"column":3}},"locations":[{"start":{"line":50,"column":16},"end":{"line":55,"column":3}}]},"4":{"type":"branch","line":55,"loc":{"start":{"line":55,"column":2},"end":{"line":62,"column":48}},"locations":[{"start":{"line":55,"column":2},"end":{"line":62,"column":48}}]},"5":{"type":"branch","line":62,"loc":{"start":{"line":62,"column":46},"end":{"line":64,"column":22}},"locations":[{"start":{"line":62,"column":46},"end":{"line":64,"column":22}}]},"6":{"type":"branch","line":64,"loc":{"start":{"line":64,"column":22},"end":{"line":68,"column":5}},"locations":[{"start":{"line":64,"column":22},"end":{"line":68,"column":5}}]},"7":{"type":"branch","line":68,"loc":{"start":{"line":68,"column":4},"end":{"line":70,"column":51}},"locations":[{"start":{"line":68,"column":4},"end":{"line":70,"column":51}}]},"8":{"type":"branch","line":70,"loc":{"start":{"line":70,"column":49},"end":{"line":78,"column":50}},"locations":[{"start":{"line":70,"column":49},"end":{"line":78,"column":50}}]},"9":{"type":"branch","line":78,"loc":{"start":{"line":78,"column":42},"end":{"line":78,"column":60}},"locations":[{"start":{"line":78,"column":42},"end":{"line":78,"column":60}}]},"10":{"type":"branch","line":79,"loc":{"start":{"line":79,"column":32},"end":{"line":79,"column":46}},"locations":[{"start":{"line":79,"column":32},"end":{"line":79,"column":46}}]},"11":{"type":"branch","line":82,"loc":{"start":{"line":82,"column":2},"end":{"line":85,"column":3}},"locations":[{"start":{"line":82,"column":2},"end":{"line":85,"column":3}}]}},"b":{"0":[13],"1":[11],"2":[10],"3":[1],"4":[10],"5":[7],"6":[1],"7":[6],"8":[5],"9":[2],"10":[2],"11":[7]},"fnMap":{"0":{"name":"convertToDhakaTime","decl":{"start":{"line":36,"column":7},"end":{"line":42,"column":1}},"loc":{"start":{"line":36,"column":7},"end":{"line":42,"column":1}},"line":36},"1":{"name":"fetchWeatherData","decl":{"start":{"line":47,"column":0},"end":{"line":86,"column":1}},"loc":{"start":{"line":47,"column":0},"end":{"line":86,"column":1}},"line":47}},"f":{"0":13,"1":11}}
,"D:\\Projects\\profile-weather-view\\src\\weather-update\\services\\updateReadme.ts": {"path":"D:\\Projects\\profile-weather-view\\src\\weather-update\\services\\updateReadme.ts","all":false,"statementMap":{"0":{"start":{"line":1,"column":0},"end":{"line":1,"column":33}},"5":{"start":{"line":6,"column":0},"end":{"line":6,"column":75}},"6":{"start":{"line":7,"column":0},"end":{"line":7,"column":54}},"7":{"start":{"line":8,"column":0},"end":{"line":8,"column":42}},"9":{"start":{"line":10,"column":0},"end":{"line":10,"column":37}},"10":{"start":{"line":11,"column":0},"end":{"line":11,"column":56}},"12":{"start":{"line":13,"column":0},"end":{"line":13,"column":17}},"13":{"start":{"line":14,"column":0},"end":{"line":14,"column":3}},"15":{"start":{"line":16,"column":0},"end":{"line":16,"column":49}},"16":{"start":{"line":17,"column":0},"end":{"line":17,"column":37}},"17":{"start":{"line":18,"column":0},"end":{"line":18,"column":18}},"18":{"start":{"line":19,"column":0},"end":{"line":19,"column":67}},"19":{"start":{"line":20,"column":0},"end":{"line":20,"column":6}},"21":{"start":{"line":22,"column":0},"end":{"line":22,"column":17}},"22":{"start":{"line":23,"column":0},"end":{"line":23,"column":3}},"24":{"start":{"line":25,"column":0},"end":{"line":25,"column":69}},"25":{"start":{"line":26,"column":0},"end":{"line":26,"column":20}},"27":{"start":{"line":28,"column":0},"end":{"line":28,"column":58}},"28":{"start":{"line":29,"column":0},"end":{"line":29,"column":19}},"29":{"start":{"line":30,"column":0},"end":{"line":30,"column":20}},"30":{"start":{"line":31,"column":0},"end":{"line":31,"column":18}},"31":{"start":{"line":32,"column":0},"end":{"line":32,"column":22}},"32":{"start":{"line":33,"column":0},"end":{"line":33,"column":18}},"33":{"start":{"line":34,"column":0},"end":{"line":34,"column":22}},"34":{"start":{"line":35,"column":0},"end":{"line":35,"column":27}},"35":{"start":{"line":36,"column":0},"end":{"line":36,"column":20}},"36":{"start":{"line":37,"column":0},"end":{"line":37,"column":20}},"37":{"start":{"line":38,"column":0},"end":{"line":38,"column":24}},"39":{"start":{"line":40,"column":0},"end":{"line":40,"column":51}},"41":{"start":{"line":42,"column":0},"end":{"line":42,"column":60}},"42":{"start":{"line":43,"column":0},"end":{"line":43,"column":115}},"43":{"start":{"line":44,"column":0},"end":{"line":44,"column":42}},"44":{"start":{"line":45,"column":0},"end":{"line":45,"column":36}},"45":{"start":{"line":46,"column":0},"end":{"line":46,"column":35}},"46":{"start":{"line":47,"column":0},"end":{"line":47,"column":38}},"52":{"start":{"line":53,"column":0},"end":{"line":53,"column":47}},"57":{"start":{"line":58,"column":0},"end":{"line":58,"column":48}},"59":{"start":{"line":60,"column":0},"end":{"line":60,"column":29}},"60":{"start":{"line":61,"column":0},"end":{"line":61,"column":82}},"62":{"start":{"line":63,"column":0},"end":{"line":63,"column":49}},"63":{"start":{"line":64,"column":0},"end":{"line":64,"column":17}},"64":{"start":{"line":65,"column":0},"end":{"line":65,"column":74}},"65":{"start":{"line":66,"column":0},"end":{"line":66,"column":6}},"67":{"start":{"line":68,"column":0},"end":{"line":68,"column":17}},"68":{"start":{"line":69,"column":0},"end":{"line":69,"column":3}},"70":{"start":{"line":71,"column":0},"end":{"line":71,"column":47}},"71":{"start":{"line":72,"column":0},"end":{"line":72,"column":24}},"72":{"start":{"line":73,"column":0},"end":{"line":73,"column":23}},"73":{"start":{"line":74,"column":0},"end":{"line":74,"column":4}},"75":{"start":{"line":76,"column":0},"end":{"line":76,"column":7}},"76":{"start":{"line":77,"column":0},"end":{"line":77,"column":48}},"77":{"start":{"line":78,"column":0},"end":{"line":78,"column":51}},"79":{"start":{"line":80,"column":0},"end":{"line":80,"column":16}},"80":{"start":{"line":81,"column":0},"end":{"line":81,"column":19}},"81":{"start":{"line":82,"column":0},"end":{"line":82,"column":60}},"83":{"start":{"line":84,"column":0},"end":{"line":84,"column":17}},"84":{"start":{"line":85,"column":0},"end":{"line":85,"column":3}},"85":{"start":{"line":86,"column":0},"end":{"line":86,"column":1}}},"s":{"0":1,"5":5,"6":5,"7":5,"9":5,"10":1,"12":1,"13":1,"15":4,"16":5,"17":1,"18":1,"19":1,"21":1,"22":1,"24":3,"25":3,"27":3,"28":3,"29":3,"30":3,"31":3,"32":3,"33":3,"34":3,"35":3,"36":3,"37":3,"39":3,"41":3,"42":3,"43":3,"44":3,"45":3,"46":3,"52":3,"57":3,"59":3,"60":3,"62":5,"63":1,"64":1,"65":1,"67":1,"68":1,"70":2,"71":2,"72":2,"73":2,"75":2,"76":2,"77":1,"79":1,"80":1,"81":1,"83":1,"84":1,"85":5},"branchMap":{"0":{"type":"branch","line":6,"loc":{"start":{"line":6,"column":0},"end":{"line":86,"column":1}},"locations":[{"start":{"line":6,"column":0},"end":{"line":86,"column":1}}]},"1":{"type":"branch","line":10,"loc":{"start":{"line":10,"column":36},"end":{"line":14,"column":3}},"locations":[{"start":{"line":10,"column":36},"end":{"line":14,"column":3}}]},"2":{"type":"branch","line":14,"loc":{"start":{"line":14,"column":2},"end":{"line":17,"column":36}},"locations":[{"start":{"line":14,"column":2},"end":{"line":17,"column":36}}]},"3":{"type":"branch","line":17,"loc":{"start":{"line":17,"column":36},"end":{"line":23,"column":3}},"locations":[{"start":{"line":17,"column":36},"end":{"line":23,"column":3}}]},"4":{"type":"branch","line":23,"loc":{"start":{"line":23,"column":2},"end":{"line":63,"column":48}},"locations":[{"start":{"line":23,"column":2},"end":{"line":63,"column":48}}]},"5":{"type":"branch","line":63,"loc":{"start":{"line":63,"column":48},"end":{"line":69,"column":3}},"locations":[{"start":{"line":63,"column":48},"end":{"line":69,"column":3}}]},"6":{"type":"branch","line":69,"loc":{"start":{"line":69,"column":2},"end":{"line":77,"column":48}},"locations":[{"start":{"line":69,"column":2},"end":{"line":77,"column":48}}]},"7":{"type":"branch","line":77,"loc":{"start":{"line":77,"column":46},"end":{"line":85,"column":3}},"locations":[{"start":{"line":77,"column":46},"end":{"line":85,"column":3}}]}},"b":{"0":[5],"1":[1],"2":[4],"3":[1],"4":[3],"5":[1],"6":[2],"7":[1]},"fnMap":{"0":{"name":"updateReadme","decl":{"start":{"line":6,"column":0},"end":{"line":86,"column":1}},"loc":{"start":{"line":6,"column":0},"end":{"line":86,"column":1}},"line":6}},"f":{"0":5}}
,"D:\\Projects\\profile-weather-view\\src\\weather-update\\utils\\preload.ts": {"path":"D:\\Projects\\profile-weather-view\\src\\weather-update\\utils\\preload.ts","all":false,"statementMap":{"0":{"start":{"line":1,"column":0},"end":{"line":1,"column":52}},"1":{"start":{"line":2,"column":0},"end":{"line":2,"column":50}},"3":{"start":{"line":4,"column":0},"end":{"line":4,"column":16}},"4":{"start":{"line":5,"column":0},"end":{"line":5,"column":18}},"5":{"start":{"line":6,"column":0},"end":{"line":6,"column":79}},"6":{"start":{"line":7,"column":0},"end":{"line":7,"column":6}},"7":{"start":{"line":8,"column":0},"end":{"line":8,"column":20}},"8":{"start":{"line":9,"column":0},"end":{"line":9,"column":79}},"9":{"start":{"line":10,"column":0},"end":{"line":10,"column":6}},"10":{"start":{"line":11,"column":0},"end":{"line":11,"column":3}},"12":{"start":{"line":13,"column":0},"end":{"line":13,"column":75}},"13":{"start":{"line":14,"column":0},"end":{"line":14,"column":1}}},"s":{"0":1,"1":3,"3":3,"4":1,"5":1,"6":1,"7":1,"8":1,"9":1,"10":1,"12":2,"13":2},"branchMap":{"0":{"type":"branch","line":1,"loc":{"start":{"line":1,"column":7},"end":{"line":14,"column":1}},"locations":[{"start":{"line":1,"column":7},"end":{"line":14,"column":1}}]},"1":{"type":"branch","line":2,"loc":{"start":{"line":2,"column":25},"end":{"line":2,"column":48}},"locations":[{"start":{"line":2,"column":25},"end":{"line":2,"column":48}}]},"2":{"type":"branch","line":4,"loc":{"start":{"line":4,"column":15},"end":{"line":11,"column":3}},"locations":[{"start":{"line":4,"column":15},"end":{"line":11,"column":3}}]},"3":{"type":"branch","line":11,"loc":{"start":{"line":11,"column":2},"end":{"line":14,"column":1}},"locations":[{"start":{"line":11,"column":2},"end":{"line":14,"column":1}}]}},"b":{"0":[3],"1":[2],"2":[1],"3":[2]},"fnMap":{"0":{"name":"ensureEnvironmentVariables","decl":{"start":{"line":1,"column":7},"end":{"line":14,"column":1}},"loc":{"start":{"line":1,"column":7},"end":{"line":14,"column":1}},"line":1}},"f":{"0":3}}
}
