TN:
SF:src\weather-update\index.ts
FN:8,handleError
FN:34,reportUpdateStatus
FN:43,main
FNF:3
FNH:3
FNDA:5,handleError
FNDA:6,reportUpdateStatus
FNDA:11,main
DA:1,1
DA:2,1
DA:3,1
DA:8,5
DA:9,5
DA:11,4
DA:12,1
DA:13,4
DA:14,1
DA:15,3
DA:16,1
DA:17,1
DA:18,1
DA:19,1
DA:20,1
DA:22,1
DA:23,1
DA:24,5
DA:26,1
DA:27,1
DA:28,5
DA:29,5
DA:34,6
DA:35,6
DA:36,2
DA:37,2
DA:38,6
DA:43,11
DA:44,11
DA:46,11
DA:48,11
DA:51,11
DA:52,7
DA:55,7
DA:56,11
DA:57,1
DA:58,1
DA:61,7
DA:64,6
DA:65,6
DA:66,3
DA:67,3
DA:68,11
DA:71,11
DA:73,11
DA:74,11
DA:75,5
DA:76,5
DA:77,5
DA:78,11
DA:81,1
LF:51
LH:51
BRDA:8,0,0,5
BRDA:9,1,0,4
BRDA:11,2,0,1
BRDA:13,3,0,3
BRDA:13,4,0,1
BRDA:15,5,0,2
BRDA:15,6,0,1
BRDA:24,7,0,1
BRDA:34,8,0,6
BRDA:35,9,0,2
BRDA:36,10,0,1
BRDA:36,11,0,1
BRDA:43,12,0,11
BRDA:51,13,0,7
BRDA:56,14,0,1
BRDA:58,15,0,7
BRDA:61,16,0,6
BRDA:65,17,0,3
BRDA:66,18,0,3
BRDA:74,19,0,5
BRF:20
BRH:20
end_of_record
TN:
SF:src\weather-update\services\fetchWeather.ts
FN:36,convertToDhakaTime
FN:47,fetchWeatherData
FNF:2
FNH:2
FNDA:13,convertToDhakaTime
FNDA:11,fetchWeatherData
DA:1,1
DA:2,1
DA:8,1
DA:9,1
DA:14,1
DA:15,1
DA:16,1
DA:17,1
DA:18,1
DA:19,1
DA:20,1
DA:21,1
DA:22,1
DA:23,1
DA:24,1
DA:25,1
DA:26,1
DA:27,1
DA:28,1
DA:29,1
DA:36,1
DA:37,13
DA:38,13
DA:39,13
DA:40,13
DA:41,13
DA:42,13
DA:47,11
DA:48,11
DA:50,11
DA:51,1
DA:52,1
DA:53,1
DA:54,1
DA:55,1
DA:57,10
DA:59,10
DA:61,10
DA:62,10
DA:64,11
DA:65,1
DA:66,1
DA:67,1
DA:68,1
DA:70,6
DA:71,5
DA:73,5
DA:75,5
DA:76,5
DA:77,5
DA:78,11
DA:79,11
DA:81,11
DA:82,11
DA:83,7
DA:84,7
DA:85,7
DA:86,11
LF:58
LH:58
BRDA:36,0,0,13
BRDA:47,1,0,11
BRDA:48,2,0,10
BRDA:50,3,0,1
BRDA:55,4,0,10
BRDA:62,5,0,7
BRDA:64,6,0,1
BRDA:68,7,0,6
BRDA:70,8,0,5
BRDA:78,9,0,2
BRDA:79,10,0,2
BRDA:82,11,0,7
BRF:12
BRH:12
end_of_record
TN:
SF:src\weather-update\services\updateReadme.ts
FN:8,updateReadme
FNF:1
FNH:1
FNDA:6,updateReadme
DA:1,1
DA:8,6
DA:9,6
DA:10,6
DA:11,6
DA:12,6
DA:13,6
DA:15,6
DA:16,1
DA:18,1
DA:19,1
DA:21,5
DA:22,6
DA:23,1
DA:24,1
DA:25,1
DA:27,1
DA:28,1
DA:30,4
DA:31,4
DA:33,4
DA:34,4
DA:35,4
DA:36,4
DA:37,4
DA:38,4
DA:39,4
DA:40,4
DA:41,4
DA:42,4
DA:43,4
DA:45,4
DA:48,4
DA:49,4
DA:50,4
DA:51,4
DA:52,4
DA:53,4
DA:56,4
DA:57,4
DA:59,4
DA:60,4
DA:62,6
DA:63,1
DA:64,1
DA:65,1
DA:67,1
DA:68,1
DA:70,3
DA:71,3
DA:72,3
DA:73,3
DA:76,3
DA:77,3
DA:78,3
DA:79,3
DA:82,6
DA:83,1
DA:85,1
DA:86,1
DA:88,2
DA:90,2
DA:91,1
DA:93,1
DA:94,1
DA:95,1
DA:97,1
DA:98,1
DA:99,6
LF:69
LH:69
BRDA:8,0,0,6
BRDA:15,1,0,1
BRDA:19,2,0,5
BRDA:22,3,0,1
BRDA:28,4,0,4
BRDA:62,5,0,1
BRDA:68,6,0,3
BRDA:82,7,0,1
BRDA:86,8,0,2
BRDA:90,9,0,1
BRF:10
BRH:10
end_of_record
TN:
SF:src\weather-update\utils\preload.ts
FN:1,ensureEnvironmentVariables
FNF:1
FNH:1
FNDA:3,ensureEnvironmentVariables
DA:1,1
DA:2,3
DA:4,3
DA:5,1
DA:6,1
DA:7,1
DA:8,1
DA:9,1
DA:10,1
DA:11,1
DA:13,2
DA:14,2
LF:12
LH:12
BRDA:1,0,0,3
BRDA:2,1,0,2
BRDA:4,2,0,1
BRDA:11,3,0,2
BRF:4
BRH:4
end_of_record
